<?xml version="1.0" encoding="UTF-8"?>
<!-- Generated by org.testng.reporters.JUnitReportReporter -->
<testsuite hostname="MSI" failures="0" tests="1" name="com.stv.design.designtests.MainTest" time="0.148" errors="0" timestamp="2025-01-24T15:34:13 MSK" skipped="0">
  <testcase classname="com.stv.design.designtests.MainTest" name="assertParaBankIconIsDisplayed" time="0.148"/>
</testsuite> <!-- com.stv.design.designtests.MainTest -->
